  stdafx.cpp
  MFC_ProjectDlg.cpp
c:\users\user\documents\visual studio 2015\projects\mfctext\mfc_project\mfc_project\mfc_projectdlg.cpp : warning C4819: 현재 코드 페이지(949)에서 표시할 수 없는 문자가 파일에 들어 있습니다. 데이터가 손실되지 않게 하려면 해당 파일을 유니코드 형식으로 저장하십시오.
c:\users\user\documents\visual studio 2015\projects\mfctext\mfc_project\mfc_project\mfc_projectdlg.h(42): error C2059: 구문 오류: '<<'
c:\users\user\documents\visual studio 2015\projects\mfctext\mfc_project\mfc_project\mfc_projectdlg.h(44): error C2238: ';' 앞에 예기치 않은 토큰이 있습니다.
c:\users\user\documents\visual studio 2015\projects\mfctext\mfc_project\mfc_project\mfc_projectdlg.h(46): error C2059: 구문 오류: '=='
c:\users\user\documents\visual studio 2015\projects\mfctext\mfc_project\mfc_project\mfc_projectdlg.h(47): error C2238: ';' 앞에 예기치 않은 토큰이 있습니다.
c:\users\user\documents\visual studio 2015\projects\mfctext\mfc_project\mfc_project\mfc_projectdlg.h(48): error C2059: 구문 오류: '>>'
c:\users\user\documents\visual studio 2015\projects\mfctext\mfc_project\mfc_project\mfc_projectdlg.h(50): error C2238: ';' 앞에 예기치 않은 토큰이 있습니다.
c:\users\user\documents\visual studio 2015\projects\mfctext\mfc_project\mfc_project\mfc_projectdlg.h(51): error C2059: 구문 오류: '>>'
c:\users\user\documents\visual studio 2015\projects\mfctext\mfc_project\mfc_project\mfc_projectdlg.h(52): error C2143: 구문 오류: ';'이(가) '}' 앞에 없습니다.
c:\users\user\documents\visual studio 2015\projects\mfctext\mfc_project\mfc_project\mfc_projectdlg.h(52): error C2238: ';' 앞에 예기치 않은 토큰이 있습니다.
c:\users\user\documents\visual studio 2015\projects\mfctext\mfc_project\mfc_project\mfc_projectdlg.cpp(69): error C2059: 구문 오류: '<<'
c:\users\user\documents\visual studio 2015\projects\mfctext\mfc_project\mfc_project\mfc_projectdlg.cpp(71): error C2143: 구문 오류: ';'이(가) '{' 앞에 없습니다.
c:\users\user\documents\visual studio 2015\projects\mfctext\mfc_project\mfc_project\mfc_projectdlg.cpp(71): error C2039: 'OnEnChangeEdit100': 'CMFC_ProjectDlg'의 멤버가 아닙니다.
  c:\users\user\documents\visual studio 2015\projects\mfctext\mfc_project\mfc_project\mfc_projectdlg.h(9): note: 'CMFC_ProjectDlg' 선언을 참조하십시오.
c:\users\user\documents\visual studio 2015\projects\mfctext\mfc_project\mfc_project\mfc_projectdlg.cpp(71): error C2065: 'OnEnChangeEdit100': 선언되지 않은 식별자입니다.
c:\users\user\documents\visual studio 2015\projects\mfctext\mfc_project\mfc_project\mfc_projectdlg.cpp(71): error C2143: 구문 오류: ';'이(가) '}' 앞에 없습니다.
c:\users\user\documents\visual studio 2015\projects\mfctext\mfc_project\mfc_project\mfc_projectdlg.cpp(71): error C2059: 구문 오류: ','
c:\users\user\documents\visual studio 2015\projects\mfctext\mfc_project\mfc_project\mfc_projectdlg.cpp(72): error C2143: 구문 오류: ';'이(가) '{' 앞에 없습니다.
c:\users\user\documents\visual studio 2015\projects\mfctext\mfc_project\mfc_project\mfc_projectdlg.cpp(72): error C2143: 구문 오류: ';'이(가) '}' 앞에 없습니다.
c:\users\user\documents\visual studio 2015\projects\mfctext\mfc_project\mfc_project\mfc_projectdlg.cpp(72): error C2059: 구문 오류: ','
c:\users\user\documents\visual studio 2015\projects\mfctext\mfc_project\mfc_project\mfc_projectdlg.cpp(74): error C2143: 구문 오류: ';'이(가) '{' 앞에 없습니다.
c:\users\user\documents\visual studio 2015\projects\mfctext\mfc_project\mfc_project\mfc_projectdlg.cpp(74): error C2065: 'IDC_BUTTON2236': 선언되지 않은 식별자입니다.
c:\users\user\documents\visual studio 2015\projects\mfctext\mfc_project\mfc_project\mfc_projectdlg.cpp(74): error C2039: 'OnBnClickedButton2236': 'CMFC_ProjectDlg'의 멤버가 아닙니다.
  c:\users\user\documents\visual studio 2015\projects\mfctext\mfc_project\mfc_project\mfc_projectdlg.h(9): note: 'CMFC_ProjectDlg' 선언을 참조하십시오.
c:\users\user\documents\visual studio 2015\projects\mfctext\mfc_project\mfc_project\mfc_projectdlg.cpp(74): error C2065: 'OnBnClickedButton2236': 선언되지 않은 식별자입니다.
c:\users\user\documents\visual studio 2015\projects\mfctext\mfc_project\mfc_project\mfc_projectdlg.cpp(74): error C2143: 구문 오류: ';'이(가) '}' 앞에 없습니다.
c:\users\user\documents\visual studio 2015\projects\mfctext\mfc_project\mfc_project\mfc_projectdlg.cpp(74): error C2059: 구문 오류: ','
c:\users\user\documents\visual studio 2015\projects\mfctext\mfc_project\mfc_project\mfc_projectdlg.cpp(77): error C2143: 구문 오류: ';'이(가) '{' 앞에 없습니다.
c:\users\user\documents\visual studio 2015\projects\mfctext\mfc_project\mfc_project\mfc_projectdlg.cpp(77): error C2065: 'IDC_BUTTON46': 선언되지 않은 식별자입니다.
c:\users\user\documents\visual studio 2015\projects\mfctext\mfc_project\mfc_project\mfc_projectdlg.cpp(77): error C2039: 'OnBnClickedButton46': 'CMFC_ProjectDlg'의 멤버가 아닙니다.
  c:\users\user\documents\visual studio 2015\projects\mfctext\mfc_project\mfc_project\mfc_projectdlg.h(9): note: 'CMFC_ProjectDlg' 선언을 참조하십시오.
c:\users\user\documents\visual studio 2015\projects\mfctext\mfc_project\mfc_project\mfc_projectdlg.cpp(77): error C2065: 'OnBnClickedButton46': 선언되지 않은 식별자입니다.
c:\users\user\documents\visual studio 2015\projects\mfctext\mfc_project\mfc_project\mfc_projectdlg.cpp(77): error C2143: 구문 오류: ';'이(가) '}' 앞에 없습니다.
c:\users\user\documents\visual studio 2015\projects\mfctext\mfc_project\mfc_project\mfc_projectdlg.cpp(77): error C2059: 구문 오류: ','
c:\users\user\documents\visual studio 2015\projects\mfctext\mfc_project\mfc_project\mfc_projectdlg.cpp(79): error C2143: 구문 오류: ';'이(가) '{' 앞에 없습니다.
c:\users\user\documents\visual studio 2015\projects\mfctext\mfc_project\mfc_project\mfc_projectdlg.cpp(79): error C2143: 구문 오류: ';'이(가) '}' 앞에 없습니다.
c:\users\user\documents\visual studio 2015\projects\mfctext\mfc_project\mfc_project\mfc_projectdlg.cpp(79): error C2653: 'TheBaseClass': 클래스 또는 네임스페이스 이름이 아닙니다.
c:\users\user\documents\visual studio 2015\projects\mfctext\mfc_project\mfc_project\mfc_projectdlg.cpp(79): error C2065: 'GetThisMessageMap': 선언되지 않은 식별자입니다.
c:\users\user\documents\visual studio 2015\projects\mfctext\mfc_project\mfc_project\mfc_projectdlg.cpp(79): error C2065: '_messageEntries': 선언되지 않은 식별자입니다.
c:\users\user\documents\visual studio 2015\projects\mfctext\mfc_project\mfc_project\mfc_projectdlg.cpp(79): error C2059: 구문 오류: 'return'
c:\users\user\documents\visual studio 2015\projects\mfctext\mfc_project\mfc_project\mfc_projectdlg.cpp(79): error C2059: 구문 오류: '}'
c:\users\user\documents\visual studio 2015\projects\mfctext\mfc_project\mfc_project\mfc_projectdlg.cpp(85): error C2143: 구문 오류: ';'이(가) '{' 앞에 없습니다.
c:\users\user\documents\visual studio 2015\projects\mfctext\mfc_project\mfc_project\mfc_projectdlg.cpp(85): error C2447: '{': 함수 헤더가 없습니다. 이전 스타일의 형식 목록입니까?
c:\users\user\documents\visual studio 2015\projects\mfctext\mfc_project\mfc_project\mfc_projectdlg.cpp(173): error C2001: 상수에 줄 바꿈 문자가 있습니다.
c:\users\user\documents\visual studio 2015\projects\mfctext\mfc_project\mfc_project\mfc_projectdlg.cpp(190): error C2001: 상수에 줄 바꿈 문자가 있습니다.
c:\users\user\documents\visual studio 2015\projects\mfctext\mfc_project\mfc_project\mfc_projectdlg.cpp(203): error C2001: 상수에 줄 바꿈 문자가 있습니다.
c:\users\user\documents\visual studio 2015\projects\mfctext\mfc_project\mfc_project\mfc_projectdlg.cpp(212): error C2001: 상수에 줄 바꿈 문자가 있습니다.
c:\users\user\documents\visual studio 2015\projects\mfctext\mfc_project\mfc_project\mfc_projectdlg.cpp(173): fatal error C1057: 매크로 확장에서 예기치 않은 파일의 끝이 나타났습니다.
  MFC_Project.cpp
c:\users\user\documents\visual studio 2015\projects\mfctext\mfc_project\mfc_project\mfc_projectdlg.h(42): error C2059: 구문 오류: '<<'
c:\users\user\documents\visual studio 2015\projects\mfctext\mfc_project\mfc_project\mfc_projectdlg.h(44): error C2238: ';' 앞에 예기치 않은 토큰이 있습니다.
c:\users\user\documents\visual studio 2015\projects\mfctext\mfc_project\mfc_project\mfc_projectdlg.h(46): error C2059: 구문 오류: '=='
c:\users\user\documents\visual studio 2015\projects\mfctext\mfc_project\mfc_project\mfc_projectdlg.h(47): error C2238: ';' 앞에 예기치 않은 토큰이 있습니다.
c:\users\user\documents\visual studio 2015\projects\mfctext\mfc_project\mfc_project\mfc_projectdlg.h(48): error C2059: 구문 오류: '>>'
c:\users\user\documents\visual studio 2015\projects\mfctext\mfc_project\mfc_project\mfc_projectdlg.h(50): error C2238: ';' 앞에 예기치 않은 토큰이 있습니다.
c:\users\user\documents\visual studio 2015\projects\mfctext\mfc_project\mfc_project\mfc_projectdlg.h(51): error C2059: 구문 오류: '>>'
c:\users\user\documents\visual studio 2015\projects\mfctext\mfc_project\mfc_project\mfc_projectdlg.h(52): error C2143: 구문 오류: ';'이(가) '}' 앞에 없습니다.
c:\users\user\documents\visual studio 2015\projects\mfctext\mfc_project\mfc_project\mfc_projectdlg.h(52): error C2238: ';' 앞에 예기치 않은 토큰이 있습니다.
  코드를 생성하고 있습니다...
