c:\users\kathe\source\repos\eunjin115\2018-2-mfc-project\mfc_project\mfc_project\debug\vc140.pdb
c:\users\user\source\repos\eunjin115\2018-2-mfc-project\mfc_project\mfc_project\debug\mfc_project.pch
c:\users\user\source\repos\eunjin115\2018-2-mfc-project\mfc_project\mfc_project\debug\vc140.pdb
c:\users\user\source\repos\eunjin115\2018-2-mfc-project\mfc_project\mfc_project\debug\vc140.idb
c:\users\user\source\repos\eunjin115\2018-2-mfc-project\mfc_project\mfc_project\debug\stdafx.obj
c:\users\user\source\repos\eunjin115\2018-2-mfc-project\mfc_project\mfc_project\debug\mfc_project.obj
c:\users\user\source\repos\eunjin115\2018-2-mfc-project\mfc_project\mfc_project\debug\mfc_projectdlg.obj
c:\users\kathe\source\repos\eunjin115\2018-2-mfc-project\mfc_project\debug\mfc_project.ilk
c:\users\kathe\source\repos\eunjin115\2018-2-mfc-project\mfc_project\debug\mfc_project.exe
c:\users\kathe\source\repos\eunjin115\2018-2-mfc-project\mfc_project\debug\mfc_project.pdb
c:\users\user\source\repos\eunjin115\2018-2-mfc-project\mfc_project\debug\mfc_project.ilk
c:\users\user\source\repos\eunjin115\2018-2-mfc-project\mfc_project\debug\mfc_project.exe
c:\users\user\source\repos\eunjin115\2018-2-mfc-project\mfc_project\debug\mfc_project.pdb
c:\users\user\source\repos\eunjin115\2018-2-mfc-project\mfc_project\mfc_project\debug\mfc_project.res
c:\users\user\source\repos\eunjin115\2018-2-mfc-project\mfc_project\mfc_project\debug\mfc_project.tlog\cl.command.1.tlog
c:\users\user\source\repos\eunjin115\2018-2-mfc-project\mfc_project\mfc_project\debug\mfc_project.tlog\cl.read.1.tlog
c:\users\user\source\repos\eunjin115\2018-2-mfc-project\mfc_project\mfc_project\debug\mfc_project.tlog\cl.write.1.tlog
c:\users\user\source\repos\eunjin115\2018-2-mfc-project\mfc_project\mfc_project\debug\mfc_project.tlog\link.command.1.tlog
c:\users\user\source\repos\eunjin115\2018-2-mfc-project\mfc_project\mfc_project\debug\mfc_project.tlog\link.read.1.tlog
c:\users\user\source\repos\eunjin115\2018-2-mfc-project\mfc_project\mfc_project\debug\mfc_project.tlog\link.write.1.tlog
c:\users\user\source\repos\eunjin115\2018-2-mfc-project\mfc_project\mfc_project\debug\mfc_project.tlog\rc.command.1.tlog
c:\users\user\source\repos\eunjin115\2018-2-mfc-project\mfc_project\mfc_project\debug\mfc_project.tlog\rc.read.1.tlog
c:\users\user\source\repos\eunjin115\2018-2-mfc-project\mfc_project\mfc_project\debug\mfc_project.tlog\rc.write.1.tlog
